[debug] [2022-09-30T09:54:02.251Z] ----------------------------------------------------------------------
[debug] [2022-09-30T09:54:02.253Z] Command:       C:\Program Files\nodejs\node.exe C:\Users\bipin\AppData\Roaming\npm\node_modules\firebase-tools\lib\bin\firebase.js emulators:start
[debug] [2022-09-30T09:54:02.254Z] CLI Version:   11.12.0
[debug] [2022-09-30T09:54:02.254Z] Platform:      win32
[debug] [2022-09-30T09:54:02.254Z] Node Version:  v16.15.1
[debug] [2022-09-30T09:54:02.256Z] Time:          Fri Sep 30 2022 15:24:02 GMT+0530 (India Standard Time)
[debug] [2022-09-30T09:54:02.256Z] ----------------------------------------------------------------------
[debug] 
[debug] [2022-09-30T09:54:02.386Z] > command requires scopes: ["email","openid","https://www.googleapis.com/auth/cloudplatformprojects.readonly","https://www.googleapis.com/auth/firebase","https://www.googleapis.com/auth/cloud-platform"]
[debug] [2022-09-30T09:54:02.387Z] > authorizing via signed-in user (bipinlongjam11@gmail.com)
[info] i  emulators: Starting emulators: functions, hosting {"metadata":{"emulator":{"name":"hub"},"message":"Starting emulators: functions, hosting"}}
[debug] [2022-09-30T09:54:02.447Z] [hub] writing locator at C:\Users\bipin\AppData\Local\Temp\hub-challenge-6be6f.json
[warn] !  functions: The following emulators are not running, calls to these services from the Functions emulator will affect production: auth, firestore, database, pubsub, storage, eventarc {"metadata":{"emulator":{"name":"functions"},"message":"The following emulators are not running, calls to these services from the Functions emulator will affect production: \u001b[1mauth, firestore, database, pubsub, storage, eventarc\u001b[22m"}}
[info] +  functions: Using node@16 from host. {"metadata":{"emulator":{"name":"functions"},"message":"Using node@16 from host."}}
[debug] [2022-09-30T09:54:02.570Z] defaultcredentials: writing to file C:\Users\bipin\AppData\Roaming\firebase\bipinlongjam11_gmail_com_application_default_credentials.json
[debug] [2022-09-30T09:54:02.575Z] Setting GAC to C:\Users\bipin\AppData\Roaming\firebase\bipinlongjam11_gmail_com_application_default_credentials.json {"metadata":{"emulator":{"name":"functions"},"message":"Setting GAC to C:\\Users\\bipin\\AppData\\Roaming\\firebase\\bipinlongjam11_gmail_com_application_default_credentials.json"}}
[debug] [2022-09-30T09:54:02.579Z] >>> [apiv2][query] GET https://firebase.googleapis.com/v1beta1/projects/challenge-6be6f/adminSdkConfig [none]
[debug] [2022-09-30T09:54:03.908Z] <<< [apiv2][status] GET https://firebase.googleapis.com/v1beta1/projects/challenge-6be6f/adminSdkConfig 200
[debug] [2022-09-30T09:54:03.908Z] <<< [apiv2][body] GET https://firebase.googleapis.com/v1beta1/projects/challenge-6be6f/adminSdkConfig {"projectId":"challenge-6be6f","storageBucket":"challenge-6be6f.appspot.com"}
[debug] [2022-09-30T09:54:03.947Z] >>> [apiv2][query] GET https://firebasehosting.googleapis.com/v1beta1/projects/challenge-6be6f/sites 
[debug] [2022-09-30T09:54:05.434Z] <<< [apiv2][status] GET https://firebasehosting.googleapis.com/v1beta1/projects/challenge-6be6f/sites 200
[debug] [2022-09-30T09:54:05.435Z] <<< [apiv2][body] GET https://firebasehosting.googleapis.com/v1beta1/projects/challenge-6be6f/sites {"sites":[{"name":"projects/challenge-6be6f/sites/challenge-6be6f","defaultUrl":"https://challenge-6be6f.web.app","appId":"1:494687469379:web:5e6d44efa89aa2cf1939f6","type":"DEFAULT_SITE"}]}
[debug] [2022-09-30T09:54:05.435Z] >>> [apiv2][query] GET https://firebase.googleapis.com/v1beta1/projects/challenge-6be6f/webApps/1:494687469379:web:5e6d44efa89aa2cf1939f6/config [none]
[debug] [2022-09-30T09:54:06.935Z] <<< [apiv2][status] GET https://firebase.googleapis.com/v1beta1/projects/challenge-6be6f/webApps/1:494687469379:web:5e6d44efa89aa2cf1939f6/config 200
[debug] [2022-09-30T09:54:06.935Z] <<< [apiv2][body] GET https://firebase.googleapis.com/v1beta1/projects/challenge-6be6f/webApps/1:494687469379:web:5e6d44efa89aa2cf1939f6/config {"projectId":"challenge-6be6f","appId":"1:494687469379:web:5e6d44efa89aa2cf1939f6","storageBucket":"challenge-6be6f.appspot.com","apiKey":"AIzaSyDb5X50gLffN1wwMCUeNlysMk7hnKIOL2Q","authDomain":"challenge-6be6f.firebaseapp.com","messagingSenderId":"494687469379","measurementId":"G-JP5N96L2YB"}
[info] i  hosting: Serving hosting files from: build {"metadata":{"emulator":{"name":"hosting"},"message":"Serving hosting files from: \u001b[1mbuild\u001b[22m"}}
[info] +  hosting: Local server: http://localhost:5000 {"metadata":{"emulator":{"name":"hosting"},"message":"Local server: \u001b[4m\u001b[1mhttp://localhost:5000\u001b[22m\u001b[24m"}}
[debug] [2022-09-30T09:54:07.274Z] Ignoring unsupported arg: auto_download {"metadata":{"emulator":{"name":"ui"},"message":"Ignoring unsupported arg: auto_download"}}
[debug] [2022-09-30T09:54:07.274Z] Ignoring unsupported arg: port {"metadata":{"emulator":{"name":"ui"},"message":"Ignoring unsupported arg: port"}}
[debug] [2022-09-30T09:54:07.275Z] Starting Emulator UI with command {"binary":"node","args":["C:\\Users\\bipin\\.cache\\firebase\\emulators\\ui-v1.9.0\\server\\server.js"],"optionalArgs":[],"joinArgs":false} {"metadata":{"emulator":{"name":"ui"},"message":"Starting Emulator UI with command {\"binary\":\"node\",\"args\":[\"C:\\\\Users\\\\bipin\\\\.cache\\\\firebase\\\\emulators\\\\ui-v1.9.0\\\\server\\\\server.js\"],\"optionalArgs\":[],\"joinArgs\":false}"}}
[info] i  ui: Emulator UI logging to ui-debug.log {"metadata":{"emulator":{"name":"ui"},"message":"Emulator UI logging to \u001b[1mui-debug.log\u001b[22m"}}
[debug] [2022-09-30T09:54:07.535Z] Web / API server started at localhost:4000
 {"metadata":{"emulator":{"name":"ui"},"message":"Web / API server started at localhost:4000\n"}}
[info] i  functions: Watching "C:\Users\bipin\OneDrive\Desktop\amazonclone\functions" for Cloud Functions... {"metadata":{"emulator":{"name":"functions"},"message":"Watching \"C:\\Users\\bipin\\OneDrive\\Desktop\\amazonclone\\functions\" for Cloud Functions..."}}
[debug] [2022-09-30T09:54:07.563Z] Validating nodejs source
[debug] [2022-09-30T09:54:13.317Z] > [functions] package.json contents: {
  "name": "functions",
  "description": "Cloud Functions for Firebase",
  "scripts": {
    "lint": "eslint .",
    "serve": "firebase emulators:start --only functions",
    "shell": "firebase functions:shell",
    "start": "npm run shell",
    "deploy": "firebase deploy --only functions",
    "logs": "firebase functions:log"
  },
  "engines": {
    "node": "16"
  },
  "main": "index.js",
  "dependencies": {
    "cors": "^2.8.5",
    "express": "^4.18.1",
    "firebase-admin": "^10.0.2",
    "firebase-functions": "^3.18.0",
    "firebase-tools": "^11.12.0",
    "stripe": "^10.12.0"
  },
  "devDependencies": {
    "eslint": "^8.9.0",
    "eslint-config-google": "^0.14.0",
    "firebase-functions-test": "^0.2.0"
  },
  "private": true
}
[debug] [2022-09-30T09:54:13.318Z] Building nodejs source
[debug] [2022-09-30T09:54:13.318Z] Analyzing nodejs backend spec
[debug] [2022-09-30T09:54:13.319Z] Could not find functions.yaml. Must use http discovery
[debug] [2022-09-30T09:54:13.785Z] Serving at port 9005

[debug] [2022-09-30T09:54:14.033Z] Got response from /__/functions.yaml {"endpoints":{"api":{"platform":"gcfv1","httpsTrigger":{},"entryPoint":"api"}},"specVersion":"v1alpha1","requiredAPIs":[]}
[debug] [2022-09-30T09:54:14.049Z] shutdown requested via /__/quitquitquit

[info] +  functions: Loaded functions definitions from source: api. {"metadata":{"emulator":{"name":"functions"},"message":"Loaded functions definitions from source: api."}}
[info] +  functions[us-central1-api]: http function initialized (http://localhost:5001/challenge-6be6f/us-central1/api). {"metadata":{"emulator":{"name":"functions"},"message":"\u001b[1mhttp\u001b[22m function initialized (http://localhost:5001/challenge-6be6f/us-central1/api)."}}
[info] 
┌─────────────────────────────────────────────────────────────┐
│ ✔  All emulators ready! It is now safe to connect your app. │
│ i  View Emulator UI at http://localhost:4000                │
└─────────────────────────────────────────────────────────────┘

┌───────────┬────────────────┬─────────────────────────────────┐
│ Emulator  │ Host:Port      │ View in Emulator UI             │
├───────────┼────────────────┼─────────────────────────────────┤
│ Functions │ localhost:5001 │ http://localhost:4000/functions │
├───────────┼────────────────┼─────────────────────────────────┤
│ Hosting   │ localhost:5000 │ n/a                             │
└───────────┴────────────────┴─────────────────────────────────┘
  Emulator Hub running at localhost:4400
  Other reserved ports: 4500

Issues? Report them at https://github.com/firebase/firebase-tools/issues and attach the *-debug.log files.
 
[debug] [2022-09-30T10:14:23.914Z] [work-queue] {"queueLength":1,"workRunningCount":0}
[debug] [2022-09-30T10:14:23.915Z] [work-queue] {"queueLength":0,"workRunningCount":1}
[debug] [2022-09-30T10:14:23.916Z] Accepted request GET /challenge-6be6f/us-central1/api --> us-central1-api
[debug] [2022-09-30T10:14:23.922Z] [functions] Runtime ready! Sending request! {"metadata":{"emulator":{"name":"functions"},"message":"[functions] Runtime ready! Sending request!"}}
[debug] [2022-09-30T10:14:23.922Z] [functions] Got req.url=/challenge-6be6f/us-central1/api, mapping to path=/ {"metadata":{"emulator":{"name":"functions"},"message":"[functions] Got req.url=/challenge-6be6f/us-central1/api, mapping to path=/"}}
[debug] [2022-09-30T10:14:25.834Z] [worker-pool] addWorker(us-central1-api) {"metadata":{"emulator":{"name":"functions"},"message":"[worker-pool] addWorker(us-central1-api)"}}
[debug] [2022-09-30T10:14:25.835Z] [worker-pool] Adding worker with key us-central1-api, total=1 {"metadata":{"emulator":{"name":"functions"},"message":"[worker-pool] Adding worker with key us-central1-api, total=1"}}
[debug] [2022-09-30T10:14:29.442Z] [runtime-status] [34592] Resolved module firebase-admin {"declared":true,"installed":true,"version":"10.3.0","resolution":"C:\\Users\\bipin\\OneDrive\\Desktop\\amazonclone\\functions\\node_modules\\firebase-admin\\lib\\index.js"} {"metadata":{"emulator":{"name":"functions"},"function":{"name":"us-central1-api"},"extension":{},"message":"[runtime-status] [34592] Resolved module firebase-admin {\"declared\":true,\"installed\":true,\"version\":\"10.3.0\",\"resolution\":\"C:\\\\Users\\\\bipin\\\\OneDrive\\\\Desktop\\\\amazonclone\\\\functions\\\\node_modules\\\\firebase-admin\\\\lib\\\\index.js\"}"}}
[debug] [2022-09-30T10:14:29.446Z] [runtime-status] [34592] Resolved module firebase-functions {"declared":true,"installed":true,"version":"3.24.0","resolution":"C:\\Users\\bipin\\OneDrive\\Desktop\\amazonclone\\functions\\node_modules\\firebase-functions\\lib\\index.js"} {"metadata":{"emulator":{"name":"functions"},"function":{"name":"us-central1-api"},"extension":{},"message":"[runtime-status] [34592] Resolved module firebase-functions {\"declared\":true,\"installed\":true,\"version\":\"3.24.0\",\"resolution\":\"C:\\\\Users\\\\bipin\\\\OneDrive\\\\Desktop\\\\amazonclone\\\\functions\\\\node_modules\\\\firebase-functions\\\\lib\\\\index.js\"}"}}
[debug] [2022-09-30T10:14:29.451Z] [runtime-status] [34592] Outgoing network have been stubbed. [{"name":"http","status":"mocked"},{"name":"http","status":"mocked"},{"name":"https","status":"mocked"},{"name":"https","status":"mocked"},{"name":"net","status":"mocked"}] {"metadata":{"emulator":{"name":"functions"},"function":{"name":"us-central1-api"},"extension":{},"message":"[runtime-status] [34592] Outgoing network have been stubbed. [{\"name\":\"http\",\"status\":\"mocked\"},{\"name\":\"http\",\"status\":\"mocked\"},{\"name\":\"https\",\"status\":\"mocked\"},{\"name\":\"https\",\"status\":\"mocked\"},{\"name\":\"net\",\"status\":\"mocked\"}]"}}
[debug] [2022-09-30T10:14:29.454Z] [runtime-status] [34592] Resolved module firebase-functions {"declared":true,"installed":true,"version":"3.24.0","resolution":"C:\\Users\\bipin\\OneDrive\\Desktop\\amazonclone\\functions\\node_modules\\firebase-functions\\lib\\index.js"} {"metadata":{"emulator":{"name":"functions"},"function":{"name":"us-central1-api"},"extension":{},"message":"[runtime-status] [34592] Resolved module firebase-functions {\"declared\":true,\"installed\":true,\"version\":\"3.24.0\",\"resolution\":\"C:\\\\Users\\\\bipin\\\\OneDrive\\\\Desktop\\\\amazonclone\\\\functions\\\\node_modules\\\\firebase-functions\\\\lib\\\\index.js\"}"}}
[debug] [2022-09-30T10:14:29.562Z] [runtime-status] [34592] Checked functions.config() {"config":{}} {"metadata":{"emulator":{"name":"functions"},"function":{"name":"us-central1-api"},"extension":{},"message":"[runtime-status] [34592] Checked functions.config() {\"config\":{}}"}}
[debug] [2022-09-30T10:14:29.562Z] [runtime-status] [34592] firebase-functions has been stubbed. {"functionsResolution":{"declared":true,"installed":true,"version":"3.24.0","resolution":"C:\\Users\\bipin\\OneDrive\\Desktop\\amazonclone\\functions\\node_modules\\firebase-functions\\lib\\index.js"}} {"metadata":{"emulator":{"name":"functions"},"function":{"name":"us-central1-api"},"extension":{},"message":"[runtime-status] [34592] firebase-functions has been stubbed. {\"functionsResolution\":{\"declared\":true,\"installed\":true,\"version\":\"3.24.0\",\"resolution\":\"C:\\\\Users\\\\bipin\\\\OneDrive\\\\Desktop\\\\amazonclone\\\\functions\\\\node_modules\\\\firebase-functions\\\\lib\\\\index.js\"}}"}}
[debug] [2022-09-30T10:14:29.565Z] [runtime-status] [34592] Resolved module firebase-functions {"declared":true,"installed":true,"version":"3.24.0","resolution":"C:\\Users\\bipin\\OneDrive\\Desktop\\amazonclone\\functions\\node_modules\\firebase-functions\\lib\\index.js"} {"metadata":{"emulator":{"name":"functions"},"function":{"name":"us-central1-api"},"extension":{},"message":"[runtime-status] [34592] Resolved module firebase-functions {\"declared\":true,\"installed\":true,\"version\":\"3.24.0\",\"resolution\":\"C:\\\\Users\\\\bipin\\\\OneDrive\\\\Desktop\\\\amazonclone\\\\functions\\\\node_modules\\\\firebase-functions\\\\lib\\\\index.js\"}"}}
[debug] [2022-09-30T10:14:29.570Z] [runtime-status] [34592] Resolved module firebase-admin {"declared":true,"installed":true,"version":"10.3.0","resolution":"C:\\Users\\bipin\\OneDrive\\Desktop\\amazonclone\\functions\\node_modules\\firebase-admin\\lib\\index.js"} {"metadata":{"emulator":{"name":"functions"},"function":{"name":"us-central1-api"},"extension":{},"message":"[runtime-status] [34592] Resolved module firebase-admin {\"declared\":true,\"installed\":true,\"version\":\"10.3.0\",\"resolution\":\"C:\\\\Users\\\\bipin\\\\OneDrive\\\\Desktop\\\\amazonclone\\\\functions\\\\node_modules\\\\firebase-admin\\\\lib\\\\index.js\"}"}}
[debug] [2022-09-30T10:14:29.571Z] [runtime-status] [34592] Resolved module firebase-functions {"declared":true,"installed":true,"version":"3.24.0","resolution":"C:\\Users\\bipin\\OneDrive\\Desktop\\amazonclone\\functions\\node_modules\\firebase-functions\\lib\\index.js"} {"metadata":{"emulator":{"name":"functions"},"function":{"name":"us-central1-api"},"extension":{},"message":"[runtime-status] [34592] Resolved module firebase-functions {\"declared\":true,\"installed\":true,\"version\":\"3.24.0\",\"resolution\":\"C:\\\\Users\\\\bipin\\\\OneDrive\\\\Desktop\\\\amazonclone\\\\functions\\\\node_modules\\\\firebase-functions\\\\lib\\\\index.js\"}"}}
[debug] [2022-09-30T10:14:29.572Z] [runtime-status] [34592] firebase-admin has been stubbed. {"adminResolution":{"declared":true,"installed":true,"version":"10.3.0","resolution":"C:\\Users\\bipin\\OneDrive\\Desktop\\amazonclone\\functions\\node_modules\\firebase-admin\\lib\\index.js"}} {"metadata":{"emulator":{"name":"functions"},"function":{"name":"us-central1-api"},"extension":{},"message":"[runtime-status] [34592] firebase-admin has been stubbed. {\"adminResolution\":{\"declared\":true,\"installed\":true,\"version\":\"10.3.0\",\"resolution\":\"C:\\\\Users\\\\bipin\\\\OneDrive\\\\Desktop\\\\amazonclone\\\\functions\\\\node_modules\\\\firebase-admin\\\\lib\\\\index.js\"}}"}}
[debug] [2022-09-30T10:14:30.236Z] [runtime-status] [34592] Functions runtime initialized. {"cwd":"C:\\Users\\bipin\\OneDrive\\Desktop\\amazonclone\\functions","node_version":"16.15.1"} {"metadata":{"emulator":{"name":"functions"},"function":{"name":"us-central1-api"},"extension":{},"message":"[runtime-status] [34592] Functions runtime initialized. {\"cwd\":\"C:\\\\Users\\\\bipin\\\\OneDrive\\\\Desktop\\\\amazonclone\\\\functions\",\"node_version\":\"16.15.1\"}"}}
[debug] [2022-09-30T10:14:30.237Z] [runtime-status] [34592] Listening to port: \\?\pipe\fire_emu_a8193cb68eaa9493 {"metadata":{"emulator":{"name":"functions"},"function":{"name":"us-central1-api"},"extension":{},"message":"[runtime-status] [34592] Listening to port: \\\\?\\pipe\\fire_emu_a8193cb68eaa9493"}}
[debug] [2022-09-30T10:14:30.286Z] [worker-pool] submitRequest(triggerId=us-central1-api) {"metadata":{"emulator":{"name":"functions"},"message":"[worker-pool] submitRequest(triggerId=us-central1-api)"}}
[debug] [2022-09-30T10:14:30.287Z] [worker-us-central1-api-2ed39d3b-f2a6-4728-a841-cb20a5ced066]: BUSY {"metadata":{"emulator":{"name":"functions"},"message":"[worker-us-central1-api-2ed39d3b-f2a6-4728-a841-cb20a5ced066]: BUSY"}}
[info] i  functions: Beginning execution of "api" {"metadata":{"emulator":{"name":"functions"},"function":{"name":"us-central1-api"},"extension":{},"message":"Beginning execution of \"api\""}}
[debug] [2022-09-30T10:14:30.307Z] [worker-us-central1-api-2ed39d3b-f2a6-4728-a841-cb20a5ced066]: IDLE {"metadata":{"emulator":{"name":"functions"},"message":"[worker-us-central1-api-2ed39d3b-f2a6-4728-a841-cb20a5ced066]: IDLE"}}
[debug] [2022-09-30T10:14:30.308Z] [work-queue] {"queueLength":0,"workRunningCount":0}
[info] >  ReferenceError: res is not defined {"user":"ReferenceError: res is not defined","metadata":{"emulator":{"name":"functions"},"function":{"name":"us-central1-api"},"extension":{},"message":"\u001b[90m> \u001b[39m ReferenceError: res is not defined"}}
[info] >      at C:\Users\bipin\OneDrive\Desktop\amazonclone\functions\index.js:17:57 {"user":"    at C:\\Users\\bipin\\OneDrive\\Desktop\\amazonclone\\functions\\index.js:17:57","metadata":{"emulator":{"name":"functions"},"function":{"name":"us-central1-api"},"extension":{},"message":"\u001b[90m> \u001b[39m     at C:\\Users\\bipin\\OneDrive\\Desktop\\amazonclone\\functions\\index.js:17:57"}}
[info] >      at Layer.handle [as handle_request] (C:\Users\bipin\OneDrive\Desktop\amazonclone\functions\node_modules\express\lib\router\layer.js:95:5) {"user":"    at Layer.handle [as handle_request] (C:\\Users\\bipin\\OneDrive\\Desktop\\amazonclone\\functions\\node_modules\\express\\lib\\router\\layer.js:95:5)","metadata":{"emulator":{"name":"functions"},"function":{"name":"us-central1-api"},"extension":{},"message":"\u001b[90m> \u001b[39m     at Layer.handle [as handle_request] (C:\\Users\\bipin\\OneDrive\\Desktop\\amazonclone\\functions\\node_modules\\express\\lib\\router\\layer.js:95:5)"}}
[info] >      at next (C:\Users\bipin\OneDrive\Desktop\amazonclone\functions\node_modules\express\lib\router\route.js:144:13) {"user":"    at next (C:\\Users\\bipin\\OneDrive\\Desktop\\amazonclone\\functions\\node_modules\\express\\lib\\router\\route.js:144:13)","metadata":{"emulator":{"name":"functions"},"function":{"name":"us-central1-api"},"extension":{},"message":"\u001b[90m> \u001b[39m     at next (C:\\Users\\bipin\\OneDrive\\Desktop\\amazonclone\\functions\\node_modules\\express\\lib\\router\\route.js:144:13)"}}
[info] >      at Route.dispatch (C:\Users\bipin\OneDrive\Desktop\amazonclone\functions\node_modules\express\lib\router\route.js:114:3) {"user":"    at Route.dispatch (C:\\Users\\bipin\\OneDrive\\Desktop\\amazonclone\\functions\\node_modules\\express\\lib\\router\\route.js:114:3)","metadata":{"emulator":{"name":"functions"},"function":{"name":"us-central1-api"},"extension":{},"message":"\u001b[90m> \u001b[39m     at Route.dispatch (C:\\Users\\bipin\\OneDrive\\Desktop\\amazonclone\\functions\\node_modules\\express\\lib\\router\\route.js:114:3)"}}
[info] >      at Layer.handle [as handle_request] (C:\Users\bipin\OneDrive\Desktop\amazonclone\functions\node_modules\express\lib\router\layer.js:95:5) {"user":"    at Layer.handle [as handle_request] (C:\\Users\\bipin\\OneDrive\\Desktop\\amazonclone\\functions\\node_modules\\express\\lib\\router\\layer.js:95:5)","metadata":{"emulator":{"name":"functions"},"function":{"name":"us-central1-api"},"extension":{},"message":"\u001b[90m> \u001b[39m     at Layer.handle [as handle_request] (C:\\Users\\bipin\\OneDrive\\Desktop\\amazonclone\\functions\\node_modules\\express\\lib\\router\\layer.js:95:5)"}}
[info] >      at C:\Users\bipin\OneDrive\Desktop\amazonclone\functions\node_modules\express\lib\router\index.js:284:15 {"user":"    at C:\\Users\\bipin\\OneDrive\\Desktop\\amazonclone\\functions\\node_modules\\express\\lib\\router\\index.js:284:15","metadata":{"emulator":{"name":"functions"},"function":{"name":"us-central1-api"},"extension":{},"message":"\u001b[90m> \u001b[39m     at C:\\Users\\bipin\\OneDrive\\Desktop\\amazonclone\\functions\\node_modules\\express\\lib\\router\\index.js:284:15"}}
[info] >      at Function.process_params (C:\Users\bipin\OneDrive\Desktop\amazonclone\functions\node_modules\express\lib\router\index.js:346:12) {"user":"    at Function.process_params (C:\\Users\\bipin\\OneDrive\\Desktop\\amazonclone\\functions\\node_modules\\express\\lib\\router\\index.js:346:12)","metadata":{"emulator":{"name":"functions"},"function":{"name":"us-central1-api"},"extension":{},"message":"\u001b[90m> \u001b[39m     at Function.process_params (C:\\Users\\bipin\\OneDrive\\Desktop\\amazonclone\\functions\\node_modules\\express\\lib\\router\\index.js:346:12)"}}
[info] >      at next (C:\Users\bipin\OneDrive\Desktop\amazonclone\functions\node_modules\express\lib\router\index.js:280:10) {"user":"    at next (C:\\Users\\bipin\\OneDrive\\Desktop\\amazonclone\\functions\\node_modules\\express\\lib\\router\\index.js:280:10)","metadata":{"emulator":{"name":"functions"},"function":{"name":"us-central1-api"},"extension":{},"message":"\u001b[90m> \u001b[39m     at next (C:\\Users\\bipin\\OneDrive\\Desktop\\amazonclone\\functions\\node_modules\\express\\lib\\router\\index.js:280:10)"}}
[info] >      at jsonParser (C:\Users\bipin\OneDrive\Desktop\amazonclone\functions\node_modules\body-parser\lib\types\json.js:110:7) {"user":"    at jsonParser (C:\\Users\\bipin\\OneDrive\\Desktop\\amazonclone\\functions\\node_modules\\body-parser\\lib\\types\\json.js:110:7)","metadata":{"emulator":{"name":"functions"},"function":{"name":"us-central1-api"},"extension":{},"message":"\u001b[90m> \u001b[39m     at jsonParser (C:\\Users\\bipin\\OneDrive\\Desktop\\amazonclone\\functions\\node_modules\\body-parser\\lib\\types\\json.js:110:7)"}}
[info] >      at Layer.handle [as handle_request] (C:\Users\bipin\OneDrive\Desktop\amazonclone\functions\node_modules\express\lib\router\layer.js:95:5) {"user":"    at Layer.handle [as handle_request] (C:\\Users\\bipin\\OneDrive\\Desktop\\amazonclone\\functions\\node_modules\\express\\lib\\router\\layer.js:95:5)","metadata":{"emulator":{"name":"functions"},"function":{"name":"us-central1-api"},"extension":{},"message":"\u001b[90m> \u001b[39m     at Layer.handle [as handle_request] (C:\\Users\\bipin\\OneDrive\\Desktop\\amazonclone\\functions\\node_modules\\express\\lib\\router\\layer.js:95:5)"}}
[info] i  functions: Finished "api" in 14.9154ms {"metadata":{"emulator":{"name":"functions"},"function":{"name":"us-central1-api"},"extension":{},"message":"Finished \"api\" in 14.9154ms"}}
[debug] [2022-09-30T10:15:57.557Z] File C:\Users\bipin\OneDrive\Desktop\amazonclone\functions\index.js changed, reloading triggers {"metadata":{"emulator":{"name":"functions"},"message":"File C:\\Users\\bipin\\OneDrive\\Desktop\\amazonclone\\functions\\index.js changed, reloading triggers"}}
[debug] [2022-09-30T10:15:58.574Z] Validating nodejs source
[debug] [2022-09-30T10:16:08.556Z] > [functions] package.json contents: {
  "name": "functions",
  "description": "Cloud Functions for Firebase",
  "scripts": {
    "lint": "eslint .",
    "serve": "firebase emulators:start --only functions",
    "shell": "firebase functions:shell",
    "start": "npm run shell",
    "deploy": "firebase deploy --only functions",
    "logs": "firebase functions:log"
  },
  "engines": {
    "node": "16"
  },
  "main": "index.js",
  "dependencies": {
    "cors": "^2.8.5",
    "express": "^4.18.1",
    "firebase-admin": "^10.0.2",
    "firebase-functions": "^3.18.0",
    "firebase-tools": "^11.12.0",
    "stripe": "^10.12.0"
  },
  "devDependencies": {
    "eslint": "^8.9.0",
    "eslint-config-google": "^0.14.0",
    "firebase-functions-test": "^0.2.0"
  },
  "private": true
}
[debug] [2022-09-30T10:16:08.557Z] Building nodejs source
[debug] [2022-09-30T10:16:08.557Z] Analyzing nodejs backend spec
[debug] [2022-09-30T10:16:08.559Z] Could not find functions.yaml. Must use http discovery
[debug] [2022-09-30T10:16:09.125Z] Serving at port 9005

[debug] [2022-09-30T10:16:09.569Z] Got response from /__/functions.yaml {"endpoints":{"api":{"platform":"gcfv1","httpsTrigger":{},"entryPoint":"api"}},"specVersion":"v1alpha1","requiredAPIs":[]}
[debug] [2022-09-30T10:16:09.596Z] shutdown requested via /__/quitquitquit

[info] +  functions: Loaded functions definitions from source: api. {"metadata":{"emulator":{"name":"functions"},"message":"Loaded functions definitions from source: api."}}
[debug] [2022-09-30T10:16:09.622Z] [worker-pool] Shutting down IDLE worker (us-central1-api) {"metadata":{"emulator":{"name":"functions"},"message":"[worker-pool] Shutting down IDLE worker (us-central1-api)"}}
[debug] [2022-09-30T10:16:09.622Z] [worker-us-central1-api-2ed39d3b-f2a6-4728-a841-cb20a5ced066]: FINISHING {"metadata":{"emulator":{"name":"functions"},"message":"[worker-us-central1-api-2ed39d3b-f2a6-4728-a841-cb20a5ced066]: FINISHING"}}
[debug] [2022-09-30T10:16:09.643Z] [worker-us-central1-api-2ed39d3b-f2a6-4728-a841-cb20a5ced066]: exited {"metadata":{"emulator":{"name":"functions"},"message":"[worker-us-central1-api-2ed39d3b-f2a6-4728-a841-cb20a5ced066]: exited"}}
[debug] [2022-09-30T10:16:09.643Z] [worker-us-central1-api-2ed39d3b-f2a6-4728-a841-cb20a5ced066]: FINISHED {"metadata":{"emulator":{"name":"functions"},"message":"[worker-us-central1-api-2ed39d3b-f2a6-4728-a841-cb20a5ced066]: FINISHED"}}
[debug] [2022-09-30T10:16:10.646Z] [work-queue] {"queueLength":1,"workRunningCount":0}
[debug] [2022-09-30T10:16:10.646Z] [work-queue] {"queueLength":0,"workRunningCount":1}
[debug] [2022-09-30T10:16:10.646Z] Accepted request GET /challenge-6be6f/us-central1/api --> us-central1-api
[debug] [2022-09-30T10:16:10.655Z] [functions] Runtime ready! Sending request! {"metadata":{"emulator":{"name":"functions"},"message":"[functions] Runtime ready! Sending request!"}}
[debug] [2022-09-30T10:16:10.656Z] [functions] Got req.url=/challenge-6be6f/us-central1/api, mapping to path=/ {"metadata":{"emulator":{"name":"functions"},"message":"[functions] Got req.url=/challenge-6be6f/us-central1/api, mapping to path=/"}}
[debug] [2022-09-30T10:16:10.657Z] [worker-pool] Cleaned up workers for us-central1-api: 1 --> 0 {"metadata":{"emulator":{"name":"functions"},"message":"[worker-pool] Cleaned up workers for us-central1-api: 1 --> 0"}}
[debug] [2022-09-30T10:16:10.682Z] [worker-pool] addWorker(us-central1-api) {"metadata":{"emulator":{"name":"functions"},"message":"[worker-pool] addWorker(us-central1-api)"}}
[debug] [2022-09-30T10:16:10.682Z] [worker-pool] Adding worker with key us-central1-api, total=1 {"metadata":{"emulator":{"name":"functions"},"message":"[worker-pool] Adding worker with key us-central1-api, total=1"}}
[debug] [2022-09-30T10:16:14.475Z] [runtime-status] [28976] Resolved module firebase-admin {"declared":true,"installed":true,"version":"10.3.0","resolution":"C:\\Users\\bipin\\OneDrive\\Desktop\\amazonclone\\functions\\node_modules\\firebase-admin\\lib\\index.js"} {"metadata":{"emulator":{"name":"functions"},"function":{"name":"us-central1-api"},"extension":{},"message":"[runtime-status] [28976] Resolved module firebase-admin {\"declared\":true,\"installed\":true,\"version\":\"10.3.0\",\"resolution\":\"C:\\\\Users\\\\bipin\\\\OneDrive\\\\Desktop\\\\amazonclone\\\\functions\\\\node_modules\\\\firebase-admin\\\\lib\\\\index.js\"}"}}
[debug] [2022-09-30T10:16:14.478Z] [runtime-status] [28976] Resolved module firebase-functions {"declared":true,"installed":true,"version":"3.24.0","resolution":"C:\\Users\\bipin\\OneDrive\\Desktop\\amazonclone\\functions\\node_modules\\firebase-functions\\lib\\index.js"} {"metadata":{"emulator":{"name":"functions"},"function":{"name":"us-central1-api"},"extension":{},"message":"[runtime-status] [28976] Resolved module firebase-functions {\"declared\":true,\"installed\":true,\"version\":\"3.24.0\",\"resolution\":\"C:\\\\Users\\\\bipin\\\\OneDrive\\\\Desktop\\\\amazonclone\\\\functions\\\\node_modules\\\\firebase-functions\\\\lib\\\\index.js\"}"}}
[debug] [2022-09-30T10:16:14.479Z] [runtime-status] [28976] Outgoing network have been stubbed. [{"name":"http","status":"mocked"},{"name":"http","status":"mocked"},{"name":"https","status":"mocked"},{"name":"https","status":"mocked"},{"name":"net","status":"mocked"}] {"metadata":{"emulator":{"name":"functions"},"function":{"name":"us-central1-api"},"extension":{},"message":"[runtime-status] [28976] Outgoing network have been stubbed. [{\"name\":\"http\",\"status\":\"mocked\"},{\"name\":\"http\",\"status\":\"mocked\"},{\"name\":\"https\",\"status\":\"mocked\"},{\"name\":\"https\",\"status\":\"mocked\"},{\"name\":\"net\",\"status\":\"mocked\"}]"}}
[debug] [2022-09-30T10:16:14.483Z] [runtime-status] [28976] Resolved module firebase-functions {"declared":true,"installed":true,"version":"3.24.0","resolution":"C:\\Users\\bipin\\OneDrive\\Desktop\\amazonclone\\functions\\node_modules\\firebase-functions\\lib\\index.js"} {"metadata":{"emulator":{"name":"functions"},"function":{"name":"us-central1-api"},"extension":{},"message":"[runtime-status] [28976] Resolved module firebase-functions {\"declared\":true,\"installed\":true,\"version\":\"3.24.0\",\"resolution\":\"C:\\\\Users\\\\bipin\\\\OneDrive\\\\Desktop\\\\amazonclone\\\\functions\\\\node_modules\\\\firebase-functions\\\\lib\\\\index.js\"}"}}
[debug] [2022-09-30T10:16:14.579Z] [runtime-status] [28976] Checked functions.config() {"config":{}} {"metadata":{"emulator":{"name":"functions"},"function":{"name":"us-central1-api"},"extension":{},"message":"[runtime-status] [28976] Checked functions.config() {\"config\":{}}"}}
[debug] [2022-09-30T10:16:14.579Z] [runtime-status] [28976] firebase-functions has been stubbed. {"functionsResolution":{"declared":true,"installed":true,"version":"3.24.0","resolution":"C:\\Users\\bipin\\OneDrive\\Desktop\\amazonclone\\functions\\node_modules\\firebase-functions\\lib\\index.js"}} {"metadata":{"emulator":{"name":"functions"},"function":{"name":"us-central1-api"},"extension":{},"message":"[runtime-status] [28976] firebase-functions has been stubbed. {\"functionsResolution\":{\"declared\":true,\"installed\":true,\"version\":\"3.24.0\",\"resolution\":\"C:\\\\Users\\\\bipin\\\\OneDrive\\\\Desktop\\\\amazonclone\\\\functions\\\\node_modules\\\\firebase-functions\\\\lib\\\\index.js\"}}"}}
[debug] [2022-09-30T10:16:14.580Z] [runtime-status] [28976] Resolved module firebase-functions {"declared":true,"installed":true,"version":"3.24.0","resolution":"C:\\Users\\bipin\\OneDrive\\Desktop\\amazonclone\\functions\\node_modules\\firebase-functions\\lib\\index.js"} {"metadata":{"emulator":{"name":"functions"},"function":{"name":"us-central1-api"},"extension":{},"message":"[runtime-status] [28976] Resolved module firebase-functions {\"declared\":true,\"installed\":true,\"version\":\"3.24.0\",\"resolution\":\"C:\\\\Users\\\\bipin\\\\OneDrive\\\\Desktop\\\\amazonclone\\\\functions\\\\node_modules\\\\firebase-functions\\\\lib\\\\index.js\"}"}}
[debug] [2022-09-30T10:16:14.583Z] [runtime-status] [28976] Resolved module firebase-admin {"declared":true,"installed":true,"version":"10.3.0","resolution":"C:\\Users\\bipin\\OneDrive\\Desktop\\amazonclone\\functions\\node_modules\\firebase-admin\\lib\\index.js"} {"metadata":{"emulator":{"name":"functions"},"function":{"name":"us-central1-api"},"extension":{},"message":"[runtime-status] [28976] Resolved module firebase-admin {\"declared\":true,\"installed\":true,\"version\":\"10.3.0\",\"resolution\":\"C:\\\\Users\\\\bipin\\\\OneDrive\\\\Desktop\\\\amazonclone\\\\functions\\\\node_modules\\\\firebase-admin\\\\lib\\\\index.js\"}"}}
[debug] [2022-09-30T10:16:14.584Z] [runtime-status] [28976] Resolved module firebase-functions {"declared":true,"installed":true,"version":"3.24.0","resolution":"C:\\Users\\bipin\\OneDrive\\Desktop\\amazonclone\\functions\\node_modules\\firebase-functions\\lib\\index.js"} {"metadata":{"emulator":{"name":"functions"},"function":{"name":"us-central1-api"},"extension":{},"message":"[runtime-status] [28976] Resolved module firebase-functions {\"declared\":true,\"installed\":true,\"version\":\"3.24.0\",\"resolution\":\"C:\\\\Users\\\\bipin\\\\OneDrive\\\\Desktop\\\\amazonclone\\\\functions\\\\node_modules\\\\firebase-functions\\\\lib\\\\index.js\"}"}}
[debug] [2022-09-30T10:16:14.585Z] [runtime-status] [28976] firebase-admin has been stubbed. {"adminResolution":{"declared":true,"installed":true,"version":"10.3.0","resolution":"C:\\Users\\bipin\\OneDrive\\Desktop\\amazonclone\\functions\\node_modules\\firebase-admin\\lib\\index.js"}} {"metadata":{"emulator":{"name":"functions"},"function":{"name":"us-central1-api"},"extension":{},"message":"[runtime-status] [28976] firebase-admin has been stubbed. {\"adminResolution\":{\"declared\":true,\"installed\":true,\"version\":\"10.3.0\",\"resolution\":\"C:\\\\Users\\\\bipin\\\\OneDrive\\\\Desktop\\\\amazonclone\\\\functions\\\\node_modules\\\\firebase-admin\\\\lib\\\\index.js\"}}"}}
[debug] [2022-09-30T10:16:15.069Z] [runtime-status] [28976] Functions runtime initialized. {"cwd":"C:\\Users\\bipin\\OneDrive\\Desktop\\amazonclone\\functions","node_version":"16.15.1"} {"metadata":{"emulator":{"name":"functions"},"function":{"name":"us-central1-api"},"extension":{},"message":"[runtime-status] [28976] Functions runtime initialized. {\"cwd\":\"C:\\\\Users\\\\bipin\\\\OneDrive\\\\Desktop\\\\amazonclone\\\\functions\",\"node_version\":\"16.15.1\"}"}}
[debug] [2022-09-30T10:16:15.070Z] [runtime-status] [28976] Listening to port: \\?\pipe\fire_emu_3ab9e74a9aa8e072 {"metadata":{"emulator":{"name":"functions"},"function":{"name":"us-central1-api"},"extension":{},"message":"[runtime-status] [28976] Listening to port: \\\\?\\pipe\\fire_emu_3ab9e74a9aa8e072"}}
[debug] [2022-09-30T10:16:15.137Z] [worker-pool] submitRequest(triggerId=us-central1-api) {"metadata":{"emulator":{"name":"functions"},"message":"[worker-pool] submitRequest(triggerId=us-central1-api)"}}
[debug] [2022-09-30T10:16:15.137Z] [worker-us-central1-api-b48888cc-c8a0-42b5-8dec-7f9e921832bd]: BUSY {"metadata":{"emulator":{"name":"functions"},"message":"[worker-us-central1-api-b48888cc-c8a0-42b5-8dec-7f9e921832bd]: BUSY"}}
[info] i  functions: Beginning execution of "api" {"metadata":{"emulator":{"name":"functions"},"function":{"name":"us-central1-api"},"extension":{},"message":"Beginning execution of \"api\""}}
[debug] [2022-09-30T10:16:15.151Z] [worker-us-central1-api-b48888cc-c8a0-42b5-8dec-7f9e921832bd]: IDLE {"metadata":{"emulator":{"name":"functions"},"message":"[worker-us-central1-api-b48888cc-c8a0-42b5-8dec-7f9e921832bd]: IDLE"}}
[debug] [2022-09-30T10:16:15.152Z] [work-queue] {"queueLength":0,"workRunningCount":0}
[info] i  functions: Finished "api" in 8.2383ms {"metadata":{"emulator":{"name":"functions"},"function":{"name":"us-central1-api"},"extension":{},"message":"Finished \"api\" in 8.2383ms"}}
[debug] [2022-09-30T10:16:15.261Z] Functions emulator received unknown request at path /favicon.ico
[debug] [2022-09-30T10:17:47.816Z] File C:\Users\bipin\OneDrive\Desktop\amazonclone\functions\index.js changed, reloading triggers {"metadata":{"emulator":{"name":"functions"},"message":"File C:\\Users\\bipin\\OneDrive\\Desktop\\amazonclone\\functions\\index.js changed, reloading triggers"}}
[debug] [2022-09-30T10:17:48.827Z] Validating nodejs source
[debug] [2022-09-30T10:17:55.084Z] > [functions] package.json contents: {
  "name": "functions",
  "description": "Cloud Functions for Firebase",
  "scripts": {
    "lint": "eslint .",
    "serve": "firebase emulators:start --only functions",
    "shell": "firebase functions:shell",
    "start": "npm run shell",
    "deploy": "firebase deploy --only functions",
    "logs": "firebase functions:log"
  },
  "engines": {
    "node": "16"
  },
  "main": "index.js",
  "dependencies": {
    "cors": "^2.8.5",
    "express": "^4.18.1",
    "firebase-admin": "^10.0.2",
    "firebase-functions": "^3.18.0",
    "firebase-tools": "^11.12.0",
    "stripe": "^10.12.0"
  },
  "devDependencies": {
    "eslint": "^8.9.0",
    "eslint-config-google": "^0.14.0",
    "firebase-functions-test": "^0.2.0"
  },
  "private": true
}
[debug] [2022-09-30T10:17:55.085Z] Building nodejs source
[debug] [2022-09-30T10:17:55.085Z] Analyzing nodejs backend spec
[debug] [2022-09-30T10:17:55.085Z] Could not find functions.yaml. Must use http discovery
[debug] [2022-09-30T10:17:55.765Z] Serving at port 9005

[debug] [2022-09-30T10:17:56.064Z] Got response from /__/functions.yaml {"endpoints":{"api":{"platform":"gcfv1","httpsTrigger":{},"entryPoint":"api"}},"specVersion":"v1alpha1","requiredAPIs":[]}
[debug] [2022-09-30T10:17:56.077Z] shutdown requested via /__/quitquitquit

[info] +  functions: Loaded functions definitions from source: api. {"metadata":{"emulator":{"name":"functions"},"message":"Loaded functions definitions from source: api."}}
[debug] [2022-09-30T10:17:56.097Z] [worker-pool] Shutting down IDLE worker (us-central1-api) {"metadata":{"emulator":{"name":"functions"},"message":"[worker-pool] Shutting down IDLE worker (us-central1-api)"}}
[debug] [2022-09-30T10:17:56.097Z] [worker-us-central1-api-b48888cc-c8a0-42b5-8dec-7f9e921832bd]: FINISHING {"metadata":{"emulator":{"name":"functions"},"message":"[worker-us-central1-api-b48888cc-c8a0-42b5-8dec-7f9e921832bd]: FINISHING"}}
[debug] [2022-09-30T10:17:56.116Z] [worker-us-central1-api-b48888cc-c8a0-42b5-8dec-7f9e921832bd]: exited {"metadata":{"emulator":{"name":"functions"},"message":"[worker-us-central1-api-b48888cc-c8a0-42b5-8dec-7f9e921832bd]: exited"}}
[debug] [2022-09-30T10:17:56.117Z] [worker-us-central1-api-b48888cc-c8a0-42b5-8dec-7f9e921832bd]: FINISHED {"metadata":{"emulator":{"name":"functions"},"message":"[worker-us-central1-api-b48888cc-c8a0-42b5-8dec-7f9e921832bd]: FINISHED"}}
[debug] [2022-09-30T10:18:05.112Z] [work-queue] {"queueLength":1,"workRunningCount":0}
[debug] [2022-09-30T10:18:05.112Z] [work-queue] {"queueLength":0,"workRunningCount":1}
[debug] [2022-09-30T10:18:05.112Z] Accepted request GET /challenge-6be6f/us-central1/api/bipin --> us-central1-api
[debug] [2022-09-30T10:18:05.119Z] [functions] Runtime ready! Sending request! {"metadata":{"emulator":{"name":"functions"},"message":"[functions] Runtime ready! Sending request!"}}
[debug] [2022-09-30T10:18:05.120Z] [functions] Got req.url=/challenge-6be6f/us-central1/api/bipin, mapping to path=/bipin {"metadata":{"emulator":{"name":"functions"},"message":"[functions] Got req.url=/challenge-6be6f/us-central1/api/bipin, mapping to path=/bipin"}}
[debug] [2022-09-30T10:18:05.120Z] [worker-pool] Cleaned up workers for us-central1-api: 1 --> 0 {"metadata":{"emulator":{"name":"functions"},"message":"[worker-pool] Cleaned up workers for us-central1-api: 1 --> 0"}}
[debug] [2022-09-30T10:18:05.138Z] [worker-pool] addWorker(us-central1-api) {"metadata":{"emulator":{"name":"functions"},"message":"[worker-pool] addWorker(us-central1-api)"}}
[debug] [2022-09-30T10:18:05.138Z] [worker-pool] Adding worker with key us-central1-api, total=1 {"metadata":{"emulator":{"name":"functions"},"message":"[worker-pool] Adding worker with key us-central1-api, total=1"}}
[debug] [2022-09-30T10:18:08.621Z] [runtime-status] [35836] Resolved module firebase-admin {"declared":true,"installed":true,"version":"10.3.0","resolution":"C:\\Users\\bipin\\OneDrive\\Desktop\\amazonclone\\functions\\node_modules\\firebase-admin\\lib\\index.js"} {"metadata":{"emulator":{"name":"functions"},"function":{"name":"us-central1-api"},"extension":{},"message":"[runtime-status] [35836] Resolved module firebase-admin {\"declared\":true,\"installed\":true,\"version\":\"10.3.0\",\"resolution\":\"C:\\\\Users\\\\bipin\\\\OneDrive\\\\Desktop\\\\amazonclone\\\\functions\\\\node_modules\\\\firebase-admin\\\\lib\\\\index.js\"}"}}
[debug] [2022-09-30T10:18:08.628Z] [runtime-status] [35836] Resolved module firebase-functions {"declared":true,"installed":true,"version":"3.24.0","resolution":"C:\\Users\\bipin\\OneDrive\\Desktop\\amazonclone\\functions\\node_modules\\firebase-functions\\lib\\index.js"} {"metadata":{"emulator":{"name":"functions"},"function":{"name":"us-central1-api"},"extension":{},"message":"[runtime-status] [35836] Resolved module firebase-functions {\"declared\":true,\"installed\":true,\"version\":\"3.24.0\",\"resolution\":\"C:\\\\Users\\\\bipin\\\\OneDrive\\\\Desktop\\\\amazonclone\\\\functions\\\\node_modules\\\\firebase-functions\\\\lib\\\\index.js\"}"}}
[debug] [2022-09-30T10:18:08.630Z] [runtime-status] [35836] Outgoing network have been stubbed. [{"name":"http","status":"mocked"},{"name":"http","status":"mocked"},{"name":"https","status":"mocked"},{"name":"https","status":"mocked"},{"name":"net","status":"mocked"}] {"metadata":{"emulator":{"name":"functions"},"function":{"name":"us-central1-api"},"extension":{},"message":"[runtime-status] [35836] Outgoing network have been stubbed. [{\"name\":\"http\",\"status\":\"mocked\"},{\"name\":\"http\",\"status\":\"mocked\"},{\"name\":\"https\",\"status\":\"mocked\"},{\"name\":\"https\",\"status\":\"mocked\"},{\"name\":\"net\",\"status\":\"mocked\"}]"}}
[debug] [2022-09-30T10:18:08.633Z] [runtime-status] [35836] Resolved module firebase-functions {"declared":true,"installed":true,"version":"3.24.0","resolution":"C:\\Users\\bipin\\OneDrive\\Desktop\\amazonclone\\functions\\node_modules\\firebase-functions\\lib\\index.js"} {"metadata":{"emulator":{"name":"functions"},"function":{"name":"us-central1-api"},"extension":{},"message":"[runtime-status] [35836] Resolved module firebase-functions {\"declared\":true,\"installed\":true,\"version\":\"3.24.0\",\"resolution\":\"C:\\\\Users\\\\bipin\\\\OneDrive\\\\Desktop\\\\amazonclone\\\\functions\\\\node_modules\\\\firebase-functions\\\\lib\\\\index.js\"}"}}
[debug] [2022-09-30T10:18:08.740Z] [runtime-status] [35836] Checked functions.config() {"config":{}} {"metadata":{"emulator":{"name":"functions"},"function":{"name":"us-central1-api"},"extension":{},"message":"[runtime-status] [35836] Checked functions.config() {\"config\":{}}"}}
[debug] [2022-09-30T10:18:08.741Z] [runtime-status] [35836] firebase-functions has been stubbed. {"functionsResolution":{"declared":true,"installed":true,"version":"3.24.0","resolution":"C:\\Users\\bipin\\OneDrive\\Desktop\\amazonclone\\functions\\node_modules\\firebase-functions\\lib\\index.js"}} {"metadata":{"emulator":{"name":"functions"},"function":{"name":"us-central1-api"},"extension":{},"message":"[runtime-status] [35836] firebase-functions has been stubbed. {\"functionsResolution\":{\"declared\":true,\"installed\":true,\"version\":\"3.24.0\",\"resolution\":\"C:\\\\Users\\\\bipin\\\\OneDrive\\\\Desktop\\\\amazonclone\\\\functions\\\\node_modules\\\\firebase-functions\\\\lib\\\\index.js\"}}"}}
[debug] [2022-09-30T10:18:08.742Z] [runtime-status] [35836] Resolved module firebase-functions {"declared":true,"installed":true,"version":"3.24.0","resolution":"C:\\Users\\bipin\\OneDrive\\Desktop\\amazonclone\\functions\\node_modules\\firebase-functions\\lib\\index.js"} {"metadata":{"emulator":{"name":"functions"},"function":{"name":"us-central1-api"},"extension":{},"message":"[runtime-status] [35836] Resolved module firebase-functions {\"declared\":true,\"installed\":true,\"version\":\"3.24.0\",\"resolution\":\"C:\\\\Users\\\\bipin\\\\OneDrive\\\\Desktop\\\\amazonclone\\\\functions\\\\node_modules\\\\firebase-functions\\\\lib\\\\index.js\"}"}}
[debug] [2022-09-30T10:18:08.744Z] [runtime-status] [35836] Resolved module firebase-admin {"declared":true,"installed":true,"version":"10.3.0","resolution":"C:\\Users\\bipin\\OneDrive\\Desktop\\amazonclone\\functions\\node_modules\\firebase-admin\\lib\\index.js"} {"metadata":{"emulator":{"name":"functions"},"function":{"name":"us-central1-api"},"extension":{},"message":"[runtime-status] [35836] Resolved module firebase-admin {\"declared\":true,\"installed\":true,\"version\":\"10.3.0\",\"resolution\":\"C:\\\\Users\\\\bipin\\\\OneDrive\\\\Desktop\\\\amazonclone\\\\functions\\\\node_modules\\\\firebase-admin\\\\lib\\\\index.js\"}"}}
[debug] [2022-09-30T10:18:08.746Z] [runtime-status] [35836] Resolved module firebase-functions {"declared":true,"installed":true,"version":"3.24.0","resolution":"C:\\Users\\bipin\\OneDrive\\Desktop\\amazonclone\\functions\\node_modules\\firebase-functions\\lib\\index.js"} {"metadata":{"emulator":{"name":"functions"},"function":{"name":"us-central1-api"},"extension":{},"message":"[runtime-status] [35836] Resolved module firebase-functions {\"declared\":true,\"installed\":true,\"version\":\"3.24.0\",\"resolution\":\"C:\\\\Users\\\\bipin\\\\OneDrive\\\\Desktop\\\\amazonclone\\\\functions\\\\node_modules\\\\firebase-functions\\\\lib\\\\index.js\"}"}}
[debug] [2022-09-30T10:18:08.747Z] [runtime-status] [35836] firebase-admin has been stubbed. {"adminResolution":{"declared":true,"installed":true,"version":"10.3.0","resolution":"C:\\Users\\bipin\\OneDrive\\Desktop\\amazonclone\\functions\\node_modules\\firebase-admin\\lib\\index.js"}} {"metadata":{"emulator":{"name":"functions"},"function":{"name":"us-central1-api"},"extension":{},"message":"[runtime-status] [35836] firebase-admin has been stubbed. {\"adminResolution\":{\"declared\":true,\"installed\":true,\"version\":\"10.3.0\",\"resolution\":\"C:\\\\Users\\\\bipin\\\\OneDrive\\\\Desktop\\\\amazonclone\\\\functions\\\\node_modules\\\\firebase-admin\\\\lib\\\\index.js\"}}"}}
[debug] [2022-09-30T10:18:09.348Z] [runtime-status] [35836] Functions runtime initialized. {"cwd":"C:\\Users\\bipin\\OneDrive\\Desktop\\amazonclone\\functions","node_version":"16.15.1"} {"metadata":{"emulator":{"name":"functions"},"function":{"name":"us-central1-api"},"extension":{},"message":"[runtime-status] [35836] Functions runtime initialized. {\"cwd\":\"C:\\\\Users\\\\bipin\\\\OneDrive\\\\Desktop\\\\amazonclone\\\\functions\",\"node_version\":\"16.15.1\"}"}}
[debug] [2022-09-30T10:18:09.349Z] [runtime-status] [35836] Listening to port: \\?\pipe\fire_emu_a43185f58632ff20 {"metadata":{"emulator":{"name":"functions"},"function":{"name":"us-central1-api"},"extension":{},"message":"[runtime-status] [35836] Listening to port: \\\\?\\pipe\\fire_emu_a43185f58632ff20"}}
[debug] [2022-09-30T10:18:09.391Z] [worker-pool] submitRequest(triggerId=us-central1-api) {"metadata":{"emulator":{"name":"functions"},"message":"[worker-pool] submitRequest(triggerId=us-central1-api)"}}
[debug] [2022-09-30T10:18:09.392Z] [worker-us-central1-api-1b5fd2d4-4b36-4830-825a-6d1a34753482]: BUSY {"metadata":{"emulator":{"name":"functions"},"message":"[worker-us-central1-api-1b5fd2d4-4b36-4830-825a-6d1a34753482]: BUSY"}}
[info] i  functions: Beginning execution of "api" {"metadata":{"emulator":{"name":"functions"},"function":{"name":"us-central1-api"},"extension":{},"message":"Beginning execution of \"api\""}}
[debug] [2022-09-30T10:18:09.420Z] [worker-us-central1-api-1b5fd2d4-4b36-4830-825a-6d1a34753482]: IDLE {"metadata":{"emulator":{"name":"functions"},"message":"[worker-us-central1-api-1b5fd2d4-4b36-4830-825a-6d1a34753482]: IDLE"}}
[debug] [2022-09-30T10:18:09.421Z] [work-queue] {"queueLength":0,"workRunningCount":0}
[info] i  functions: Finished "api" in 23.9603ms {"metadata":{"emulator":{"name":"functions"},"function":{"name":"us-central1-api"},"extension":{},"message":"Finished \"api\" in 23.9603ms"}}
[debug] [2022-09-30T10:29:48.160Z] File C:\Users\bipin\OneDrive\Desktop\amazonclone\functions\index.js changed, reloading triggers {"metadata":{"emulator":{"name":"functions"},"message":"File C:\\Users\\bipin\\OneDrive\\Desktop\\amazonclone\\functions\\index.js changed, reloading triggers"}}
[debug] [2022-09-30T10:29:49.185Z] Validating nodejs source
[debug] [2022-09-30T10:30:00.581Z] > [functions] package.json contents: {
  "name": "functions",
  "description": "Cloud Functions for Firebase",
  "scripts": {
    "lint": "eslint .",
    "serve": "firebase emulators:start --only functions",
    "shell": "firebase functions:shell",
    "start": "npm run shell",
    "deploy": "firebase deploy --only functions",
    "logs": "firebase functions:log"
  },
  "engines": {
    "node": "16"
  },
  "main": "index.js",
  "dependencies": {
    "cors": "^2.8.5",
    "express": "^4.18.1",
    "firebase-admin": "^10.0.2",
    "firebase-functions": "^3.18.0",
    "firebase-tools": "^11.12.0",
    "stripe": "^10.12.0"
  },
  "devDependencies": {
    "eslint": "^8.9.0",
    "eslint-config-google": "^0.14.0",
    "firebase-functions-test": "^0.2.0"
  },
  "private": true
}
[debug] [2022-09-30T10:30:00.581Z] Building nodejs source
[debug] [2022-09-30T10:30:00.581Z] Analyzing nodejs backend spec
[debug] [2022-09-30T10:30:00.583Z] Could not find functions.yaml. Must use http discovery
[debug] [2022-09-30T10:30:01.543Z] Serving at port 9005

[debug] [2022-09-30T10:30:01.961Z] Got response from /__/functions.yaml {"endpoints":{"api":{"platform":"gcfv1","httpsTrigger":{},"entryPoint":"api"}},"specVersion":"v1alpha1","requiredAPIs":[]}
[debug] [2022-09-30T10:30:01.975Z] shutdown requested via /__/quitquitquit

[info] +  functions: Loaded functions definitions from source: api. {"metadata":{"emulator":{"name":"functions"},"message":"Loaded functions definitions from source: api."}}
[debug] [2022-09-30T10:30:02.005Z] [worker-pool] Shutting down IDLE worker (us-central1-api) {"metadata":{"emulator":{"name":"functions"},"message":"[worker-pool] Shutting down IDLE worker (us-central1-api)"}}
[debug] [2022-09-30T10:30:02.005Z] [worker-us-central1-api-1b5fd2d4-4b36-4830-825a-6d1a34753482]: FINISHING {"metadata":{"emulator":{"name":"functions"},"message":"[worker-us-central1-api-1b5fd2d4-4b36-4830-825a-6d1a34753482]: FINISHING"}}
[debug] [2022-09-30T10:30:02.021Z] [worker-us-central1-api-1b5fd2d4-4b36-4830-825a-6d1a34753482]: exited {"metadata":{"emulator":{"name":"functions"},"message":"[worker-us-central1-api-1b5fd2d4-4b36-4830-825a-6d1a34753482]: exited"}}
[debug] [2022-09-30T10:30:02.022Z] [worker-us-central1-api-1b5fd2d4-4b36-4830-825a-6d1a34753482]: FINISHED {"metadata":{"emulator":{"name":"functions"},"message":"[worker-us-central1-api-1b5fd2d4-4b36-4830-825a-6d1a34753482]: FINISHED"}}
[debug] [2022-09-30T10:43:54.469Z] File C:\Users\bipin\OneDrive\Desktop\amazonclone\functions\index.js changed, reloading triggers {"metadata":{"emulator":{"name":"functions"},"message":"File C:\\Users\\bipin\\OneDrive\\Desktop\\amazonclone\\functions\\index.js changed, reloading triggers"}}
[debug] [2022-09-30T10:43:55.521Z] Validating nodejs source
[debug] [2022-09-30T10:44:06.878Z] > [functions] package.json contents: {
  "name": "functions",
  "description": "Cloud Functions for Firebase",
  "scripts": {
    "lint": "eslint .",
    "serve": "firebase emulators:start --only functions",
    "shell": "firebase functions:shell",
    "start": "npm run shell",
    "deploy": "firebase deploy --only functions",
    "logs": "firebase functions:log"
  },
  "engines": {
    "node": "16"
  },
  "main": "index.js",
  "dependencies": {
    "cors": "^2.8.5",
    "express": "^4.18.1",
    "firebase-admin": "^10.0.2",
    "firebase-functions": "^3.18.0",
    "firebase-tools": "^11.12.0",
    "stripe": "^10.12.0"
  },
  "devDependencies": {
    "eslint": "^8.9.0",
    "eslint-config-google": "^0.14.0",
    "firebase-functions-test": "^0.2.0"
  },
  "private": true
}
[debug] [2022-09-30T10:44:06.881Z] Building nodejs source
[debug] [2022-09-30T10:44:06.881Z] Analyzing nodejs backend spec
[debug] [2022-09-30T10:44:06.892Z] Could not find functions.yaml. Must use http discovery
[debug] [2022-09-30T10:44:07.693Z] Serving at port 9005

[debug] [2022-09-30T10:44:08.138Z] Got response from /__/functions.yaml {"endpoints":{"api":{"platform":"gcfv1","httpsTrigger":{},"entryPoint":"api"}},"specVersion":"v1alpha1","requiredAPIs":[]}
[debug] [2022-09-30T10:44:08.169Z] shutdown requested via /__/quitquitquit

[info] +  functions: Loaded functions definitions from source: api. {"metadata":{"emulator":{"name":"functions"},"message":"Loaded functions definitions from source: api."}}
[debug] [2022-09-30T10:52:55.365Z] File C:\Users\bipin\OneDrive\Desktop\amazonclone\functions\index.js changed, reloading triggers {"metadata":{"emulator":{"name":"functions"},"message":"File C:\\Users\\bipin\\OneDrive\\Desktop\\amazonclone\\functions\\index.js changed, reloading triggers"}}
[debug] [2022-09-30T10:52:56.418Z] Validating nodejs source
[debug] [2022-09-30T10:53:10.820Z] > [functions] package.json contents: {
  "name": "functions",
  "description": "Cloud Functions for Firebase",
  "scripts": {
    "lint": "eslint .",
    "serve": "firebase emulators:start --only functions",
    "shell": "firebase functions:shell",
    "start": "npm run shell",
    "deploy": "firebase deploy --only functions",
    "logs": "firebase functions:log"
  },
  "engines": {
    "node": "16"
  },
  "main": "index.js",
  "dependencies": {
    "cors": "^2.8.5",
    "express": "^4.18.1",
    "firebase-admin": "^10.0.2",
    "firebase-functions": "^3.18.0",
    "firebase-tools": "^11.12.0",
    "stripe": "^10.12.0"
  },
  "devDependencies": {
    "eslint": "^8.9.0",
    "eslint-config-google": "^0.14.0",
    "firebase-functions-test": "^0.2.0"
  },
  "private": true
}
[debug] [2022-09-30T10:53:10.822Z] Building nodejs source
[debug] [2022-09-30T10:53:10.822Z] Analyzing nodejs backend spec
[debug] [2022-09-30T10:53:10.837Z] Could not find functions.yaml. Must use http discovery
[debug] [2022-09-30T10:53:12.000Z] Serving at port 9005

[debug] [2022-09-30T10:53:12.540Z] Got response from /__/functions.yaml {"endpoints":{"api":{"platform":"gcfv1","httpsTrigger":{},"entryPoint":"api"}},"specVersion":"v1alpha1","requiredAPIs":[]}
[debug] [2022-09-30T10:53:12.603Z] shutdown requested via /__/quitquitquit

[info] +  functions: Loaded functions definitions from source: api. {"metadata":{"emulator":{"name":"functions"},"message":"Loaded functions definitions from source: api."}}
[debug] [2022-09-30T11:44:44.312Z] File C:\Users\bipin\OneDrive\Desktop\amazonclone\functions\index.js changed, reloading triggers {"metadata":{"emulator":{"name":"functions"},"message":"File C:\\Users\\bipin\\OneDrive\\Desktop\\amazonclone\\functions\\index.js changed, reloading triggers"}}
[debug] [2022-09-30T11:44:45.376Z] Validating nodejs source
[debug] [2022-09-30T11:45:00.900Z] > [functions] package.json contents: {
  "name": "functions",
  "description": "Cloud Functions for Firebase",
  "scripts": {
    "lint": "eslint .",
    "serve": "firebase emulators:start --only functions",
    "shell": "firebase functions:shell",
    "start": "npm run shell",
    "deploy": "firebase deploy --only functions",
    "logs": "firebase functions:log"
  },
  "engines": {
    "node": "16"
  },
  "main": "index.js",
  "dependencies": {
    "cors": "^2.8.5",
    "express": "^4.18.1",
    "firebase-admin": "^10.0.2",
    "firebase-functions": "^3.18.0",
    "firebase-tools": "^11.12.0",
    "stripe": "^10.12.0"
  },
  "devDependencies": {
    "eslint": "^8.9.0",
    "eslint-config-google": "^0.14.0",
    "firebase-functions-test": "^0.2.0"
  },
  "private": true
}
[debug] [2022-09-30T11:45:00.902Z] Building nodejs source
[debug] [2022-09-30T11:45:00.903Z] Analyzing nodejs backend spec
[debug] [2022-09-30T11:45:00.919Z] Could not find functions.yaml. Must use http discovery
[debug] [2022-09-30T11:45:01.110Z] File C:\Users\bipin\OneDrive\Desktop\amazonclone\functions\index.js changed, reloading triggers {"metadata":{"emulator":{"name":"functions"},"message":"File C:\\Users\\bipin\\OneDrive\\Desktop\\amazonclone\\functions\\index.js changed, reloading triggers"}}
[debug] [2022-09-30T11:45:02.322Z] Validating nodejs source
[debug] [2022-09-30T11:45:17.040Z] > [functions] package.json contents: {
  "name": "functions",
  "description": "Cloud Functions for Firebase",
  "scripts": {
    "lint": "eslint .",
    "serve": "firebase emulators:start --only functions",
    "shell": "firebase functions:shell",
    "start": "npm run shell",
    "deploy": "firebase deploy --only functions",
    "logs": "firebase functions:log"
  },
  "engines": {
    "node": "16"
  },
  "main": "index.js",
  "dependencies": {
    "cors": "^2.8.5",
    "express": "^4.18.1",
    "firebase-admin": "^10.0.2",
    "firebase-functions": "^3.18.0",
    "firebase-tools": "^11.12.0",
    "stripe": "^10.12.0"
  },
  "devDependencies": {
    "eslint": "^8.9.0",
    "eslint-config-google": "^0.14.0",
    "firebase-functions-test": "^0.2.0"
  },
  "private": true
}
[debug] [2022-09-30T11:45:17.041Z] Building nodejs source
[debug] [2022-09-30T11:45:17.041Z] Analyzing nodejs backend spec
[debug] [2022-09-30T11:45:17.069Z] Could not find functions.yaml. Must use http discovery
[debug] [2022-09-30T11:45:17.161Z] Serving at port 9005

[debug] [2022-09-30T11:45:18.221Z] Serving at port 9006

[debug] [2022-09-30T11:45:18.274Z] Got response from /__/functions.yaml {"endpoints":{"api":{"platform":"gcfv1","httpsTrigger":{},"entryPoint":"api"}},"specVersion":"v1alpha1","requiredAPIs":[]}
[debug] [2022-09-30T11:45:18.290Z] shutdown requested via /__/quitquitquit

[info] +  functions: Loaded functions definitions from source: api. {"metadata":{"emulator":{"name":"functions"},"message":"Loaded functions definitions from source: api."}}
[debug] [2022-09-30T11:45:18.869Z] Got response from /__/functions.yaml {"endpoints":{"api":{"platform":"gcfv1","httpsTrigger":{},"entryPoint":"api"}},"specVersion":"v1alpha1","requiredAPIs":[]}
[debug] [2022-09-30T11:45:18.885Z] shutdown requested via /__/quitquitquit

[info] +  functions: Loaded functions definitions from source: api. {"metadata":{"emulator":{"name":"functions"},"message":"Loaded functions definitions from source: api."}}
